<?xml version="1.0" encoding="UTF-8"?>
<robot generator="Robot 6.0.2 (Python 3.11.3 on win32)" generated="20230604 09:46:25.990" rpa="false" schemaversion="3">
<suite id="s1" name="RadioButton" source="C:\Users\asus\PycharmProjects\Automation\TestCases\RadioButton.robot">
<test id="s1-t1" name="Testing Radio Button" line="9">
<kw name="Open Browser" library="SeleniumLibrary">
<arg>${url}</arg>
<arg>${browser}</arg>
<doc>Opens a new browser instance to the optional ``url``.</doc>
<msg timestamp="20230604 09:46:26.615" level="INFO">Opening browser 'chrome' to base url 'https://demoqa.com/automation-practice-form'.</msg>
<status status="PASS" starttime="20230604 09:46:26.614" endtime="20230604 09:46:29.267"/>
</kw>
<kw name="Maximize Browser Window" library="SeleniumLibrary">
<doc>Maximizes current browser window.</doc>
<status status="PASS" starttime="20230604 09:46:29.268" endtime="20230604 09:46:29.405"/>
</kw>
<kw name="Select Radio Button" library="SeleniumLibrary">
<arg>gender</arg>
<arg>Male</arg>
<doc>Sets the radio button group ``group_name`` to ``value``.</doc>
<msg timestamp="20230604 09:46:29.406" level="INFO">Selecting 'Male' from radio button 'gender'.</msg>
<msg timestamp="20230604 09:46:30.721" level="INFO" html="true">&lt;/td&gt;&lt;/tr&gt;&lt;tr&gt;&lt;td colspan="3"&gt;&lt;a href="selenium-screenshot-2.png"&gt;&lt;img src="selenium-screenshot-2.png" width="800px"&gt;&lt;/a&gt;</msg>
<msg timestamp="20230604 09:46:30.721" level="FAIL">ElementClickInterceptedException: Message: element click intercepted: Element &lt;input name="gender" required="" type="radio" id="gender-radio-1" class="custom-control-input" value="Male"&gt; is not clickable at point (596, 370). Other element would receive the click: &lt;label title="" for="gender-radio-1" class="custom-control-label"&gt;...&lt;/label&gt;
  (Session info: chrome=113.0.5672.129)
Stacktrace:
Backtrace:
	GetHandleVerifier [0x00CE6DF3+48691]
	(No symbol) [0x00C78CC1]
	(No symbol) [0x00B85068]
	(No symbol) [0x00BB4BB4]
	(No symbol) [0x00BB36F8]
	(No symbol) [0x00BB1EFB]
	(No symbol) [0x00BB130E]
	(No symbol) [0x00BA9ABC]
	(No symbol) [0x00BCA2CC]
	(No symbol) [0x00BA9596]
	(No symbol) [0x00BCA624]
	(No symbol) [0x00BDC452]
	(No symbol) [0x00BCA0C6]
	(No symbol) [0x00BA7E18]
	(No symbol) [0x00BA8F3D]
	GetHandleVerifier [0x00F44EAA+2531050]
	GetHandleVerifier [0x00F84B60+2792352]
	GetHandleVerifier [0x00F7E6EC+2766636]
	GetHandleVerifier [0x00D70820+612448]
	(No symbol) [0x00C825BC]
	(No symbol) [0x00C7E808]
	(No symbol) [0x00C7E8EB]
	(No symbol) [0x00C71C77]
	BaseThreadInitThunk [0x759B00C9+25]
	RtlGetAppContainerNamedObjectPath [0x77AD7B4E+286]
	RtlGetAppContainerNamedObjectPath [0x77AD7B1E+238]
</msg>
<status status="FAIL" starttime="20230604 09:46:29.406" endtime="20230604 09:46:30.740"/>
</kw>
<kw name="Sleep" library="BuiltIn">
<arg>1</arg>
<doc>Pauses the test executed for the given time.</doc>
<status status="NOT RUN" starttime="20230604 09:46:30.741" endtime="20230604 09:46:30.741"/>
</kw>
<kw name="Select Radio Button" library="SeleniumLibrary">
<arg>gender</arg>
<arg>Female</arg>
<doc>Sets the radio button group ``group_name`` to ``value``.</doc>
<status status="NOT RUN" starttime="20230604 09:46:30.741" endtime="20230604 09:46:30.741"/>
</kw>
<kw name="Sleep" library="BuiltIn">
<arg>1</arg>
<doc>Pauses the test executed for the given time.</doc>
<status status="NOT RUN" starttime="20230604 09:46:30.741" endtime="20230604 09:46:30.741"/>
</kw>
<status status="FAIL" starttime="20230604 09:46:26.613" endtime="20230604 09:46:30.741">ElementClickInterceptedException: Message: element click intercepted: Element &lt;input name="gender" required="" type="radio" id="gender-radio-1" class="custom-control-input" value="Male"&gt; is not clickable at point (596, 370). Other element would receive the click: &lt;label title="" for="gender-radio-1" class="custom-control-label"&gt;...&lt;/label&gt;
  (Session info: chrome=113.0.5672.129)
Stacktrace:
Backtrace:
	GetHandleVerifier [0x00CE6DF3+48691]
	(No symbol) [0x00C78CC1]
	(No symbol) [0x00B85068]
	(No symbol) [0x00BB4BB4]
	(No symbol) [0x00BB36F8]
	(No symbol) [0x00BB1EFB]
	(No symbol) [0x00BB130E]
	(No symbol) [0x00BA9ABC]
	(No symbol) [0x00BCA2CC]
	(No symbol) [0x00BA9596]
	(No symbol) [0x00BCA624]
	(No symbol) [0x00BDC452]
	(No symbol) [0x00BCA0C6]
	(No symbol) [0x00BA7E18]
	(No symbol) [0x00BA8F3D]
	GetHandleVerifier [0x00F44EAA+2531050]
	GetHandleVerifier [0x00F84B60+2792352]
	GetHandleVerifier [0x00F7E6EC+2766636]
	GetHandleVerifier [0x00D70820+612448]
	(No symbol) [0x00C825BC]
	(No symbol) [0x00C7E808]
	(No symbol) [0x00C7E8EB]
	(No symbol) [0x00C71C77]
	BaseThreadInitThunk [0x759B00C9+25]
	RtlGetAppContainerNamedObjectPath [0x77AD7B4E+286]
	RtlGetAppContainerNamedObjectPath [0x77AD7B1E+238]
</status>
</test>
<status status="FAIL" starttime="20230604 09:46:25.991" endtime="20230604 09:46:30.744"/>
</suite>
<statistics>
<total>
<stat pass="0" fail="1" skip="0">All Tests</stat>
</total>
<tag>
</tag>
<suite>
<stat pass="0" fail="1" skip="0" id="s1" name="RadioButton">RadioButton</stat>
</suite>
</statistics>
<errors>
</errors>
</robot>
